6 Elements
5 Different nodes: [0 1 2 3 4]

7 Branches: 
	1. branch:	V_1        i1          v1 = e1 - e0
	2. branch:	R_1        i2          v2 = e1 - e2
	3. branch:	R_2        i3          v3 = e2 - e0
	4. branch:	Q_1_be     i4          v4 = e2 - e4
	5. branch:	Q_1_bc     i5          v5 = e2 - e3
	6. branch:	R_C        i6          v6 = e1 - e3
	7. branch:	R_E        i7          v7 = e4 - e0

18 variables: 
e1, e2, e3, e4, i1, i2, i3, i4, i5, i6, i7, v1, v2, v3, v4, v5, v6, v7

Incidence Matrix: 
[[-1  0 -1  0  0  0 -1]
 [ 1  1  0  0  0  1  0]
 [ 0 -1  1  1  1  0  0]
 [ 0  0  0  0 -1 -1  0]
 [ 0  0  0 -1  0  0  1]]

========== Nodes voltage to reference ========
e1 =  [10.000000000]
e2 =  [1.389631047]
e3 =  [5.468394275]
e4 =  [0.776689757]

========== Branches voltage difference ========
v1 =  [10.000000000]
v2 =  [8.610368953]
v3 =  [1.389631047]
v4 =  [0.612941290]
v5 =  [-4.078763228]
v6 =  [4.531605725]
v7 =  [0.776689757]

=============== Branches currents ==============
i1 =  [-0.001556413]
i2 =  [0.000183199]
i3 =  [0.000169467]
i4 =  [0.001386946]
i5 =  [-0.001373214]
i6 =  [0.001373214]
i7 =  [0.001386946]

================= End solution =================

