5 Elements
4 Different nodes: [0 1 2 3]

5 Branches: 
	1. branch:	V_01       i1          v1 = e1 - e0
	2. branch:	R_01       i2          v2 = e1 - e2
	3. branch:	D_01       i3          v3 = e2 - e0
	4. branch:	R_02       i4          v4 = e2 - e3
	5. branch:	D_02       i5          v5 = e3 - e0

13 variables: 
e1, e2, e3, i1, i2, i3, i4, i5, v1, v2, v3, v4, v5

Incidence Matrix: 
[[-1  0 -1  0 -1]
 [ 1  1  0  0  0]
 [ 0 -1  1  1  0]
 [ 0  0  0 -1  1]]

========== Nodes voltage to reference ========
e1 =  [10.000000000]
e2 =  [0.634185692]
e3 =  [0.457907370]

========== Branches voltage difference ========
v1 =  [10.000000000]
v2 =  [9.365814308]
v3 =  [0.634185692]
v4 =  [0.176278322]
v5 =  [0.457907370]

=============== Branches currents ==============
i1 =  [-0.004682907]
i2 =  [0.004682907]
i3 =  [0.004506629]
i4 =  [0.000176278]
i5 =  [0.000176278]

================= End solution =================

