5 Elements
5 Different nodes: [0 1 2 3 4]

6 Branches: 
	1. branch:	V_in       i1          v1 = e1 - e0
	2. branch:	V_cc       i2          v2 = e4 - e0
	3. branch:	M_1_be     i3          v3 = e2 - e0
	4. branch:	M_1_ce     i4          v4 = e3 - e0
	5. branch:	R_B        i5          v5 = e1 - e2
	6. branch:	R_C        i6          v6 = e3 - e4

16 variables: 
e1, e2, e3, e4, i1, i2, i3, i4, i5, i6, v1, v2, v3, v4, v5, v6

Incidence Matrix: 
[[-1 -1 -1 -1  0  0]
 [ 1  0  0  0  1  0]
 [ 0  0  1  0 -1  0]
 [ 0  0  0  1  0  1]
 [ 0  1  0  0  0 -1]]

========== Nodes voltage to reference ========
e1 =  [15.000000000]
e2 =  [0.671641791]
e3 =  [0.614035088]
e4 =  [5.000000000]

========== Branches voltage difference ========
v1 =  [15.000000000]
v2 =  [5.000000000]
v3 =  [0.671641791]
v4 =  [0.614035088]
v5 =  [14.328358209]
v6 =  [-4.385964912]

=============== Branches currents ==============
i1 =  [-0.000143284]
i2 =  [-0.008771930]
i3 =  [0.000143284]
i4 =  [0.008771930]
i5 =  [0.000143284]
i6 =  [-0.008771930]

================= End solution =================

